Arguments: 
  /usr/local/bin/node /usr/local/Cellar/yarn/1.5.1_1/libexec/bin/yarn.js run start

PATH: 
  /usr/local/bin:/usr/bin:/bin:/usr/sbin:/sbin

Yarn version: 
  1.5.1

Node version: 
  8.11.1

Platform: 
  darwin x64

npm manifest: 
  {
    "name": "jason-ropp-js-iobp",
    "version": "1.0.0",
    "description": "## Description This app allows you to create and edit user profiles, each of which have an ID, Name, Number, and Email Address.",
    "main": "index.js",
    "scripts": {
      "prestart": "ux-lint src/*.html",
      "start": "npm run serve",
      "serve": "python -m SimpleHTTPServer 1820",
      "help": "npm-scripts-help",
      "lint": "ux-lint src/*.html"
    },
    "repository": {
      "type": "git",
      "url": "git+https://github.com/Jropp/jason-ropp-js-iobp.git"
    },
    "keywords": [],
    "author": "",
    "license": "ISC",
    "bugs": {
      "url": "https://github.com/Jropp/jason-ropp-js-iobp/issues"
    },
    "homepage": "https://github.com/Jropp/jason-ropp-js-iobp",
    "dependencies": {},
    "devDependencies": {
      "npm-scripts-help": "^0.8.0",
      "ux-lint": "^1.8.0"
    },
    "scriptshelp": {
      "help-message": [
        "These are my scripts for this project.",
        "They don't do anything yet so just chill."
      ],
      "build": "this will build the project",
      "start": {
        "Desciption": "Will run the project on server at localhost:1820",
        "Usage": "",
        "Long Description": [
          "Runs $python -m SimpleHTTPServer 1820"
        ]
      }
    }
  }

yarn manifest: 
  No manifest

Lockfile: 
  No lockfile

Trace: 
  Error: Command failed.
  Exit code: 53
  Command: sh
  Arguments: -c ux-lint src/*.html
  Directory: /Users/jropp/Desktop/Banno/jason-ropp-js-iobp
  Output:
  
      at ProcessTermError.MessageError (/usr/local/Cellar/yarn/1.5.1_1/libexec/lib/cli.js:186:110)
      at new ProcessTermError (/usr/local/Cellar/yarn/1.5.1_1/libexec/lib/cli.js:226:113)
      at ChildProcess.<anonymous> (/usr/local/Cellar/yarn/1.5.1_1/libexec/lib/cli.js:30281:17)
      at emitTwo (events.js:126:13)
      at ChildProcess.emit (events.js:214:7)
      at maybeClose (internal/child_process.js:925:16)
      at Process.ChildProcess._handle.onexit (internal/child_process.js:209:5)
